c:\users\kai\onedrive\1_工作\12_source\120_c++\1202_addressbook\通讯录管理系统(addressbook)\x64\debug\vc143.pdb
c:\users\kai\onedrive\1_工作\12_source\120_c++\1202_addressbook\通讯录管理系统(addressbook)\x64\debug\vc143.idb
c:\users\kai\onedrive\1_工作\12_source\120_c++\1202_addressbook\通讯录管理系统(addressbook)\x64\debug\iofunction.nativecodeanalysis.sarif
c:\users\kai\onedrive\1_工作\12_source\120_c++\1202_addressbook\通讯录管理系统(addressbook)\x64\debug\iofunction.nativecodeanalysis.xml
c:\users\kai\onedrive\1_工作\12_source\120_c++\1202_addressbook\通讯录管理系统(addressbook)\x64\debug\mainfunction.nativecodeanalysis.sarif
c:\users\kai\onedrive\1_工作\12_source\120_c++\1202_addressbook\通讯录管理系统(addressbook)\x64\debug\mainfunction.nativecodeanalysis.xml
c:\users\kai\onedrive\1_工作\12_source\120_c++\1202_addressbook\通讯录管理系统(addressbook)\x64\debug\main.nativecodeanalysis.sarif
c:\users\kai\onedrive\1_工作\12_source\120_c++\1202_addressbook\通讯录管理系统(addressbook)\x64\debug\main.nativecodeanalysis.xml
c:\users\kai\onedrive\1_工作\12_source\120_c++\1202_addressbook\通讯录管理系统(addressbook)\x64\debug\main.obj
c:\users\kai\onedrive\1_工作\12_source\120_c++\1202_addressbook\通讯录管理系统(addressbook)\x64\debug\mainfunction.obj
c:\users\kai\onedrive\1_工作\12_source\120_c++\1202_addressbook\通讯录管理系统(addressbook)\x64\debug\iofunction.obj
c:\users\kai\onedrive\1_工作\12_source\120_c++\1202_addressbook\通讯录管理系统(addressbook)\x64\debug\通讯录管理系统(addressbook).ilk
c:\users\kai\onedrive\1_工作\12_source\120_c++\1202_addressbook\通讯录管理系统(addressbook)\x64\debug\通讯录管理系统(addressbook).exe
c:\users\kai\onedrive\1_工作\12_source\120_c++\1202_addressbook\通讯录管理系统(addressbook)\x64\debug\通讯录管理系统(addressbook).pdb
c:\users\kai\onedrive\1_工作\12_source\120_c++\1202_addressbook\通讯录管理系统(addressbook)\x64\debug\vc.nativecodeanalysis.all.xml
c:\users\kai\onedrive\1_工作\12_source\120_c++\1202_addressbook\通讯录管理系统(addressbook)\x64\debug\通讯录管理系统(.ed48ce18.tlog\cl.command.1.tlog
c:\users\kai\onedrive\1_工作\12_source\120_c++\1202_addressbook\通讯录管理系统(addressbook)\x64\debug\通讯录管理系统(.ed48ce18.tlog\cl.read.1.tlog
c:\users\kai\onedrive\1_工作\12_source\120_c++\1202_addressbook\通讯录管理系统(addressbook)\x64\debug\通讯录管理系统(.ed48ce18.tlog\cl.write.1.tlog
c:\users\kai\onedrive\1_工作\12_source\120_c++\1202_addressbook\通讯录管理系统(addressbook)\x64\debug\通讯录管理系统(.ed48ce18.tlog\link.command.1.tlog
c:\users\kai\onedrive\1_工作\12_source\120_c++\1202_addressbook\通讯录管理系统(addressbook)\x64\debug\通讯录管理系统(.ed48ce18.tlog\link.read.1.tlog
c:\users\kai\onedrive\1_工作\12_source\120_c++\1202_addressbook\通讯录管理系统(addressbook)\x64\debug\通讯录管理系统(.ed48ce18.tlog\link.write.1.tlog
